2025-01-27T13:18:05.614+05:30  WARN 3572 --- [instructorservice] [restartedMain] c.zaxxer.hikari.util.DriverDataSource    : Registered driver with driverClassName=com.mysql.jdbc.Driver was not found, trying direct instantiation.
2025-01-27T13:18:05.802+05:30  WARN 3572 --- [instructorservice] [restartedMain] JpaBaseConfiguration$JpaWebConfiguration : spring.jpa.open-in-view is enabled by default. Therefore, database queries may be performed during view rendering. Explicitly configure spring.jpa.open-in-view to disable this warning
2025-01-27T13:18:05.883+05:30  WARN 3572 --- [instructorservice] [restartedMain] iguration$LoadBalancerCaffeineWarnLogger : Spring Cloud LoadBalancer is currently working with the default cache. While this cache implementation is useful for development and tests, it's recommended to use Caffeine cache in production.You can switch to using Caffeine cache, by adding it and org.springframework.cache.caffeine.CaffeineCacheManager to the classpath.
2025-01-27T13:20:13.325+05:30  WARN 3572 --- [instructorservice] [http-nio-7002-exec-2] c.m.a.c.InstructorWebStudentController   : Inside if Instructor is not Null Instructor(baseLocation=Noida, feedbacks=[])
2025-01-27T13:20:13.325+05:30  WARN 3572 --- [instructorservice] [http-nio-7002-exec-2] c.m.a.c.InstructorWebStudentController   : WARN : Inside if Instructor is not Null Instructor(baseLocation=Noida, feedbacks=[])
2025-01-27T13:20:13.325+05:30  WARN 3572 --- [instructorservice] [http-nio-7002-exec-2] c.m.a.c.InstructorWebStudentController   : WARN : URL http://FEEDBACKSERVICE/lap/feedback/public?scode=1
2025-01-27T13:20:13.608+05:30  WARN 3572 --- [instructorservice] [http-nio-7002-exec-2] c.m.a.c.InstructorWebStudentController   : WARN : Feeddback Service Saved Feedback Feedback(feedbackNumber=2, ReviewerName=Babita, designation=Trainee, points=4, comment=Enjoying sessions)
2025-01-27T13:20:13.642+05:30  WARN 3572 --- [instructorservice] [http-nio-7002-exec-2] c.m.a.c.InstructorWebStudentController   : WARN : Update Instructor's Feedback Size() : 1
2025-01-27T13:30:46.690+05:30  WARN 37688 --- [instructorservice] [restartedMain] c.zaxxer.hikari.util.DriverDataSource    : Registered driver with driverClassName=com.mysql.jdbc.Driver was not found, trying direct instantiation.
2025-01-27T13:30:48.436+05:30  WARN 37688 --- [instructorservice] [restartedMain] JpaBaseConfiguration$JpaWebConfiguration : spring.jpa.open-in-view is enabled by default. Therefore, database queries may be performed during view rendering. Explicitly configure spring.jpa.open-in-view to disable this warning
2025-01-27T13:30:48.992+05:30  WARN 37688 --- [instructorservice] [restartedMain] iguration$LoadBalancerCaffeineWarnLogger : Spring Cloud LoadBalancer is currently working with the default cache. While this cache implementation is useful for development and tests, it's recommended to use Caffeine cache in production.You can switch to using Caffeine cache, by adding it and org.springframework.cache.caffeine.CaffeineCacheManager to the classpath.
2025-01-27T13:30:49.316+05:30  WARN 37688 --- [instructorservice] [restartedMain] c.n.d.s.t.d.RetryableEurekaHttpClient    : Request execution failed with message: I/O error on GET request for "http://localhost:8761/eureka/apps/": Connect to http://localhost:8761 [localhost/127.0.0.1, localhost/0:0:0:0:0:0:0:1] failed: Connection refused: getsockopt
2025-01-27T13:30:49.316+05:30  WARN 37688 --- [instructorservice] [restartedMain] com.netflix.discovery.DiscoveryClient    : Using default backup registry implementation which does not do anything.
2025-01-27T13:30:49.429+05:30  WARN 37688 --- [instructorservice] [DiscoveryClient-InstanceInfoReplicator-%d] c.n.d.s.t.d.RetryableEurekaHttpClient    : Request execution failed with message: I/O error on POST request for "http://localhost:8761/eureka/apps/INSTRUCTORSERVICE": Connect to http://localhost:8761 [localhost/127.0.0.1, localhost/0:0:0:0:0:0:0:1] failed: Connection refused: getsockopt
2025-01-27T13:30:49.429+05:30  WARN 37688 --- [instructorservice] [DiscoveryClient-InstanceInfoReplicator-%d] com.netflix.discovery.DiscoveryClient    : DiscoveryClient_INSTRUCTORSERVICE/LAPTOP-V01JDA6U:instructorservice:7002 - registration failed Cannot execute request on any known server

com.netflix.discovery.shared.transport.TransportException: Cannot execute request on any known server
	at com.netflix.discovery.shared.transport.decorator.RetryableEurekaHttpClient.execute(RetryableEurekaHttpClient.java:112) ~[eureka-client-2.0.4.jar:2.0.4]
	at com.netflix.discovery.shared.transport.decorator.EurekaHttpClientDecorator.register(EurekaHttpClientDecorator.java:56) ~[eureka-client-2.0.4.jar:2.0.4]
	at com.netflix.discovery.shared.transport.decorator.EurekaHttpClientDecorator$1.execute(EurekaHttpClientDecorator.java:59) ~[eureka-client-2.0.4.jar:2.0.4]
	at com.netflix.discovery.shared.transport.decorator.SessionedEurekaHttpClient.execute(SessionedEurekaHttpClient.java:76) ~[eureka-client-2.0.4.jar:2.0.4]
	at com.netflix.discovery.shared.transport.decorator.EurekaHttpClientDecorator.register(EurekaHttpClientDecorator.java:56) ~[eureka-client-2.0.4.jar:2.0.4]
	at com.netflix.discovery.DiscoveryClient.register(DiscoveryClient.java:828) ~[eureka-client-2.0.4.jar:2.0.4]
	at com.netflix.discovery.InstanceInfoReplicator.run(InstanceInfoReplicator.java:125) ~[eureka-client-2.0.4.jar:2.0.4]
	at com.netflix.discovery.InstanceInfoReplicator$2.run(InstanceInfoReplicator.java:105) ~[eureka-client-2.0.4.jar:2.0.4]
	at java.base/java.util.concurrent.Executors$RunnableAdapter.call(Executors.java:572) ~[na:na]
	at java.base/java.util.concurrent.FutureTask.run(FutureTask.java:317) ~[na:na]
	at java.base/java.util.concurrent.ScheduledThreadPoolExecutor$ScheduledFutureTask.run(ScheduledThreadPoolExecutor.java:304) ~[na:na]
	at java.base/java.util.concurrent.ThreadPoolExecutor.runWorker(ThreadPoolExecutor.java:1144) ~[na:na]
	at java.base/java.util.concurrent.ThreadPoolExecutor$Worker.run(ThreadPoolExecutor.java:642) ~[na:na]
	at java.base/java.lang.Thread.run(Thread.java:1583) ~[na:na]

2025-01-27T13:30:49.437+05:30  WARN 37688 --- [instructorservice] [DiscoveryClient-InstanceInfoReplicator-%d] c.n.discovery.InstanceInfoReplicator     : There was a problem with the instance info replicator

com.netflix.discovery.shared.transport.TransportException: Cannot execute request on any known server
	at com.netflix.discovery.shared.transport.decorator.RetryableEurekaHttpClient.execute(RetryableEurekaHttpClient.java:112) ~[eureka-client-2.0.4.jar:2.0.4]
	at com.netflix.discovery.shared.transport.decorator.EurekaHttpClientDecorator.register(EurekaHttpClientDecorator.java:56) ~[eureka-client-2.0.4.jar:2.0.4]
	at com.netflix.discovery.shared.transport.decorator.EurekaHttpClientDecorator$1.execute(EurekaHttpClientDecorator.java:59) ~[eureka-client-2.0.4.jar:2.0.4]
	at com.netflix.discovery.shared.transport.decorator.SessionedEurekaHttpClient.execute(SessionedEurekaHttpClient.java:76) ~[eureka-client-2.0.4.jar:2.0.4]
	at com.netflix.discovery.shared.transport.decorator.EurekaHttpClientDecorator.register(EurekaHttpClientDecorator.java:56) ~[eureka-client-2.0.4.jar:2.0.4]
	at com.netflix.discovery.DiscoveryClient.register(DiscoveryClient.java:828) ~[eureka-client-2.0.4.jar:2.0.4]
	at com.netflix.discovery.InstanceInfoReplicator.run(InstanceInfoReplicator.java:125) ~[eureka-client-2.0.4.jar:2.0.4]
	at com.netflix.discovery.InstanceInfoReplicator$2.run(InstanceInfoReplicator.java:105) ~[eureka-client-2.0.4.jar:2.0.4]
	at java.base/java.util.concurrent.Executors$RunnableAdapter.call(Executors.java:572) ~[na:na]
	at java.base/java.util.concurrent.FutureTask.run(FutureTask.java:317) ~[na:na]
	at java.base/java.util.concurrent.ScheduledThreadPoolExecutor$ScheduledFutureTask.run(ScheduledThreadPoolExecutor.java:304) ~[na:na]
	at java.base/java.util.concurrent.ThreadPoolExecutor.runWorker(ThreadPoolExecutor.java:1144) ~[na:na]
	at java.base/java.util.concurrent.ThreadPoolExecutor$Worker.run(ThreadPoolExecutor.java:642) ~[na:na]
	at java.base/java.lang.Thread.run(Thread.java:1583) ~[na:na]

2025-01-27T13:31:30.894+05:30  WARN 35424 --- [instructorservice] [restartedMain] c.zaxxer.hikari.util.DriverDataSource    : Registered driver with driverClassName=com.mysql.jdbc.Driver was not found, trying direct instantiation.
2025-01-27T13:31:33.999+05:30  WARN 35424 --- [instructorservice] [restartedMain] JpaBaseConfiguration$JpaWebConfiguration : spring.jpa.open-in-view is enabled by default. Therefore, database queries may be performed during view rendering. Explicitly configure spring.jpa.open-in-view to disable this warning
2025-01-27T13:31:34.704+05:30  WARN 35424 --- [instructorservice] [restartedMain] o.s.b.d.a.OptionalLiveReloadServer       : Unable to start LiveReload server
2025-01-27T13:31:34.918+05:30  WARN 35424 --- [instructorservice] [restartedMain] iguration$LoadBalancerCaffeineWarnLogger : Spring Cloud LoadBalancer is currently working with the default cache. While this cache implementation is useful for development and tests, it's recommended to use Caffeine cache in production.You can switch to using Caffeine cache, by adding it and org.springframework.cache.caffeine.CaffeineCacheManager to the classpath.
2025-01-27T13:31:35.528+05:30  WARN 35424 --- [instructorservice] [restartedMain] ConfigServletWebServerApplicationContext : Exception encountered during context initialization - cancelling refresh attempt: org.springframework.context.ApplicationContextException: Failed to start bean 'webServerStartStop'
2025-01-27T13:31:35.701+05:30 ERROR 35424 --- [instructorservice] [restartedMain] o.s.b.d.LoggingFailureAnalysisReporter   : 

***************************
APPLICATION FAILED TO START
***************************

Description:

Web server failed to start. Port 7002 was already in use.

Action:

Identify and stop the process that's listening on port 7002 or configure this application to listen on another port.

2025-01-27T13:31:48.832+05:30  WARN 23428 --- [instructorservice] [restartedMain] c.zaxxer.hikari.util.DriverDataSource    : Registered driver with driverClassName=com.mysql.jdbc.Driver was not found, trying direct instantiation.
2025-01-27T13:31:51.636+05:30  WARN 23428 --- [instructorservice] [restartedMain] JpaBaseConfiguration$JpaWebConfiguration : spring.jpa.open-in-view is enabled by default. Therefore, database queries may be performed during view rendering. Explicitly configure spring.jpa.open-in-view to disable this warning
2025-01-27T13:31:52.337+05:30  WARN 23428 --- [instructorservice] [restartedMain] o.s.b.d.a.OptionalLiveReloadServer       : Unable to start LiveReload server
2025-01-27T13:31:52.527+05:30  WARN 23428 --- [instructorservice] [restartedMain] iguration$LoadBalancerCaffeineWarnLogger : Spring Cloud LoadBalancer is currently working with the default cache. While this cache implementation is useful for development and tests, it's recommended to use Caffeine cache in production.You can switch to using Caffeine cache, by adding it and org.springframework.cache.caffeine.CaffeineCacheManager to the classpath.
2025-01-27T13:31:53.324+05:30  WARN 23428 --- [instructorservice] [restartedMain] ConfigServletWebServerApplicationContext : Exception encountered during context initialization - cancelling refresh attempt: org.springframework.context.ApplicationContextException: Failed to start bean 'webServerStartStop'
2025-01-27T13:31:53.487+05:30 ERROR 23428 --- [instructorservice] [restartedMain] o.s.b.d.LoggingFailureAnalysisReporter   : 

***************************
APPLICATION FAILED TO START
***************************

Description:

Web server failed to start. Port 7002 was already in use.

Action:

Identify and stop the process that's listening on port 7002 or configure this application to listen on another port.

2025-01-27T13:33:04.643+05:30  WARN 22236 --- [instructorservice] [restartedMain] c.zaxxer.hikari.util.DriverDataSource    : Registered driver with driverClassName=com.mysql.jdbc.Driver was not found, trying direct instantiation.
2025-01-27T13:33:07.225+05:30  WARN 22236 --- [instructorservice] [restartedMain] JpaBaseConfiguration$JpaWebConfiguration : spring.jpa.open-in-view is enabled by default. Therefore, database queries may be performed during view rendering. Explicitly configure spring.jpa.open-in-view to disable this warning
2025-01-27T13:33:07.858+05:30  WARN 22236 --- [instructorservice] [restartedMain] o.s.b.d.a.OptionalLiveReloadServer       : Unable to start LiveReload server
2025-01-27T13:33:08.069+05:30  WARN 22236 --- [instructorservice] [restartedMain] iguration$LoadBalancerCaffeineWarnLogger : Spring Cloud LoadBalancer is currently working with the default cache. While this cache implementation is useful for development and tests, it's recommended to use Caffeine cache in production.You can switch to using Caffeine cache, by adding it and org.springframework.cache.caffeine.CaffeineCacheManager to the classpath.
2025-01-27T13:34:03.862+05:30  WARN 22236 --- [instructorservice] [http-nio-7002-exec-2] c.m.a.c.InstructorWebStudentController   : Inside if Instructor is not Null Instructor(baseLocation=Noida, feedbacks=[])
2025-01-27T13:34:03.874+05:30  WARN 22236 --- [instructorservice] [http-nio-7002-exec-2] c.m.a.c.InstructorWebStudentController   : WARN : Inside if Instructor is not Null Instructor(baseLocation=Noida, feedbacks=[])
2025-01-27T13:34:03.875+05:30  WARN 22236 --- [instructorservice] [http-nio-7002-exec-2] c.m.a.c.InstructorWebStudentController   : WARN : URL http://FEEDBACKSERVICE/lap/feedback/public?scode=1
2025-01-27T13:34:04.474+05:30  WARN 22236 --- [instructorservice] [http-nio-7002-exec-2] c.m.a.c.InstructorWebStudentController   : WARN : Feeddback Service Saved Feedback Feedback(feedbackNumber=52, ReviewerName=Suresh, designation=Trainee, points=3, comment=need more examples)
2025-01-27T13:34:04.537+05:30  WARN 22236 --- [instructorservice] [http-nio-7002-exec-2] c.m.a.c.InstructorWebStudentController   : WARN : Update Instructor's Feedback Size() : 1
2025-01-27T13:34:27.023+05:30  WARN 22236 --- [instructorservice] [http-nio-7002-exec-1] c.m.a.c.InstructorWebStudentController   : Inside if Instructor is not Null Instructor(baseLocation=Noida, feedbacks=[Feedback(feedbackNumber=52, ReviewerName=Suresh, designation=Trainee, points=3, comment=need more examples)])
2025-01-27T13:34:27.023+05:30  WARN 22236 --- [instructorservice] [http-nio-7002-exec-1] c.m.a.c.InstructorWebStudentController   : WARN : Inside if Instructor is not Null Instructor(baseLocation=Noida, feedbacks=[Feedback(feedbackNumber=52, ReviewerName=Suresh, designation=Trainee, points=3, comment=need more examples)])
2025-01-27T13:34:27.023+05:30  WARN 22236 --- [instructorservice] [http-nio-7002-exec-1] c.m.a.c.InstructorWebStudentController   : WARN : URL http://FEEDBACKSERVICE/lap/feedback/public?scode=1
2025-01-27T13:34:27.082+05:30  WARN 22236 --- [instructorservice] [http-nio-7002-exec-1] c.m.a.c.InstructorWebStudentController   : WARN : Feeddback Service Saved Feedback Feedback(feedbackNumber=53, ReviewerName=Mahesh, designation=Trainee, points=4, comment=good learning)
2025-01-27T13:34:27.114+05:30  WARN 22236 --- [instructorservice] [http-nio-7002-exec-1] c.m.a.c.InstructorWebStudentController   : WARN : Update Instructor's Feedback Size() : 2
