2025-01-27T00:38:04.393+05:30  WARN 5184 --- [courseservice] [restartedMain] c.zaxxer.hikari.util.DriverDataSource    : Registered driver with driverClassName=com.mysql.jdbc.Driver was not found, trying direct instantiation.
2025-01-27T00:38:06.051+05:30  WARN 5184 --- [courseservice] [restartedMain] JpaBaseConfiguration$JpaWebConfiguration : spring.jpa.open-in-view is enabled by default. Therefore, database queries may be performed during view rendering. Explicitly configure spring.jpa.open-in-view to disable this warning
2025-01-27T00:38:06.556+05:30  WARN 5184 --- [courseservice] [restartedMain] iguration$LoadBalancerCaffeineWarnLogger : Spring Cloud LoadBalancer is currently working with the default cache. While this cache implementation is useful for development and tests, it's recommended to use Caffeine cache in production.You can switch to using Caffeine cache, by adding it and org.springframework.cache.caffeine.CaffeineCacheManager to the classpath.
2025-01-27T00:41:46.602+05:30  WARN 5184 --- [courseservice] [http-nio-7001-exec-9] c.m.a.controller.CourseSMEWebController  : 
1---> cc 7ic 1
2025-01-27T00:41:46.602+05:30  WARN 5184 --- [courseservice] [http-nio-7001-exec-9] c.m.a.controller.CourseSMEWebController  : 2 URL -->> http://INSTRUCTORSERVICE/lap/hr/instructor/1
2025-01-27T00:41:47.019+05:30  WARN 5184 --- [courseservice] [http-nio-7001-exec-9] c.m.a.controller.CourseSMEWebController  : 3 Instructor -->> Instructor(baseLocation=Gurgoan, feedbacks=[]) 1 Angali
2025-01-27T00:41:47.168+05:30  WARN 5184 --- [courseservice] [http-nio-7001-exec-9] c.m.a.controller.CourseSMEWebController  : --->> 4 all Course Course(courseCode=7, courseName=English, description=Communication Course For Employees, durationInDays=5, trainers=[])
2025-01-27T00:41:47.169+05:30  WARN 5184 --- [courseservice] [http-nio-7001-exec-9] c.m.a.controller.CourseSMEWebController  : --->> 5 all Instructor []
2025-01-27T00:41:47.169+05:30  WARN 5184 --- [courseservice] [http-nio-7001-exec-9] c.m.a.controller.CourseSMEWebController  : --->> 6 Inside else - Instructor
2025-01-27T00:41:47.218+05:30  WARN 5184 --- [courseservice] [http-nio-7001-exec-9] c.m.a.controller.CourseSMEWebController  : 6 --->> Course Course(courseCode=7, courseName=English, description=Communication Course For Employees, durationInDays=5, trainers=[Instructor(baseLocation=Gurgoan, feedbacks=[])])
2025-01-27T10:15:24.945+05:30  WARN 5184 --- [courseservice] [HikariPool-1 housekeeper] com.zaxxer.hikari.pool.HikariPool        : HikariPool-1 - Thread starvation or clock leap detected (housekeeper delta=9h30m20s4ms640µs700ns).
2025-01-27T12:07:31.957+05:30  WARN 5184 --- [courseservice] [HikariPool-1 housekeeper] com.zaxxer.hikari.pool.HikariPool        : HikariPool-1 - Thread starvation or clock leap detected (housekeeper delta=44m35s932ms16µs700ns).
2025-01-27T12:38:49.858+05:30  WARN 24464 --- [courseservice] [restartedMain] c.zaxxer.hikari.util.DriverDataSource    : Registered driver with driverClassName=com.mysql.jdbc.Driver was not found, trying direct instantiation.
2025-01-27T12:38:52.137+05:30  WARN 24464 --- [courseservice] [restartedMain] JpaBaseConfiguration$JpaWebConfiguration : spring.jpa.open-in-view is enabled by default. Therefore, database queries may be performed during view rendering. Explicitly configure spring.jpa.open-in-view to disable this warning
2025-01-27T12:38:52.698+05:30  WARN 24464 --- [courseservice] [restartedMain] o.s.b.d.a.OptionalLiveReloadServer       : Unable to start LiveReload server
2025-01-27T12:38:52.847+05:30  WARN 24464 --- [courseservice] [restartedMain] iguration$LoadBalancerCaffeineWarnLogger : Spring Cloud LoadBalancer is currently working with the default cache. While this cache implementation is useful for development and tests, it's recommended to use Caffeine cache in production.You can switch to using Caffeine cache, by adding it and org.springframework.cache.caffeine.CaffeineCacheManager to the classpath.
2025-01-27T12:38:53.336+05:30  WARN 24464 --- [courseservice] [restartedMain] ConfigServletWebServerApplicationContext : Exception encountered during context initialization - cancelling refresh attempt: org.springframework.context.ApplicationContextException: Failed to start bean 'webServerStartStop'
2025-01-27T12:38:53.448+05:30 ERROR 24464 --- [courseservice] [restartedMain] o.s.b.d.LoggingFailureAnalysisReporter   : 

***************************
APPLICATION FAILED TO START
***************************

Description:

Web server failed to start. Port 7001 was already in use.

Action:

Identify and stop the process that's listening on port 7001 or configure this application to listen on another port.

2025-01-27T12:41:58.065+05:30  WARN 21976 --- [courseservice] [restartedMain] c.zaxxer.hikari.util.DriverDataSource    : Registered driver with driverClassName=com.mysql.jdbc.Driver was not found, trying direct instantiation.
2025-01-27T12:41:59.680+05:30  WARN 21976 --- [courseservice] [restartedMain] JpaBaseConfiguration$JpaWebConfiguration : spring.jpa.open-in-view is enabled by default. Therefore, database queries may be performed during view rendering. Explicitly configure spring.jpa.open-in-view to disable this warning
2025-01-27T12:42:00.271+05:30  WARN 21976 --- [courseservice] [restartedMain] iguration$LoadBalancerCaffeineWarnLogger : Spring Cloud LoadBalancer is currently working with the default cache. While this cache implementation is useful for development and tests, it's recommended to use Caffeine cache in production.You can switch to using Caffeine cache, by adding it and org.springframework.cache.caffeine.CaffeineCacheManager to the classpath.
2025-01-27T12:44:46.192+05:30  WARN 10132 --- [courseservice] [restartedMain] c.zaxxer.hikari.util.DriverDataSource    : Registered driver with driverClassName=com.mysql.jdbc.Driver was not found, trying direct instantiation.
2025-01-27T12:44:49.668+05:30  WARN 10132 --- [courseservice] [restartedMain] JpaBaseConfiguration$JpaWebConfiguration : spring.jpa.open-in-view is enabled by default. Therefore, database queries may be performed during view rendering. Explicitly configure spring.jpa.open-in-view to disable this warning
2025-01-27T12:44:50.978+05:30  WARN 10132 --- [courseservice] [restartedMain] o.s.b.d.a.OptionalLiveReloadServer       : Unable to start LiveReload server
2025-01-27T12:44:51.343+05:30  WARN 10132 --- [courseservice] [restartedMain] iguration$LoadBalancerCaffeineWarnLogger : Spring Cloud LoadBalancer is currently working with the default cache. While this cache implementation is useful for development and tests, it's recommended to use Caffeine cache in production.You can switch to using Caffeine cache, by adding it and org.springframework.cache.caffeine.CaffeineCacheManager to the classpath.
2025-01-27T12:50:05.606+05:30  WARN 24160 --- [courseservice] [restartedMain] c.zaxxer.hikari.util.DriverDataSource    : Registered driver with driverClassName=com.mysql.jdbc.Driver was not found, trying direct instantiation.
2025-01-27T12:50:08.429+05:30  WARN 24160 --- [courseservice] [restartedMain] JpaBaseConfiguration$JpaWebConfiguration : spring.jpa.open-in-view is enabled by default. Therefore, database queries may be performed during view rendering. Explicitly configure spring.jpa.open-in-view to disable this warning
2025-01-27T12:50:08.866+05:30  WARN 24160 --- [courseservice] [restartedMain] o.s.b.d.a.OptionalLiveReloadServer       : Unable to start LiveReload server
2025-01-27T12:50:08.988+05:30  WARN 24160 --- [courseservice] [restartedMain] iguration$LoadBalancerCaffeineWarnLogger : Spring Cloud LoadBalancer is currently working with the default cache. While this cache implementation is useful for development and tests, it's recommended to use Caffeine cache in production.You can switch to using Caffeine cache, by adding it and org.springframework.cache.caffeine.CaffeineCacheManager to the classpath.
2025-01-27T12:53:26.863+05:30  WARN 16260 --- [courseservice] [restartedMain] c.zaxxer.hikari.util.DriverDataSource    : Registered driver with driverClassName=com.mysql.jdbc.Driver was not found, trying direct instantiation.
2025-01-27T12:53:34.791+05:30  WARN 16260 --- [courseservice] [restartedMain] JpaBaseConfiguration$JpaWebConfiguration : spring.jpa.open-in-view is enabled by default. Therefore, database queries may be performed during view rendering. Explicitly configure spring.jpa.open-in-view to disable this warning
2025-01-27T12:53:36.000+05:30  WARN 16260 --- [courseservice] [restartedMain] o.s.b.d.a.OptionalLiveReloadServer       : Unable to start LiveReload server
2025-01-27T12:53:36.364+05:30  WARN 16260 --- [courseservice] [restartedMain] iguration$LoadBalancerCaffeineWarnLogger : Spring Cloud LoadBalancer is currently working with the default cache. While this cache implementation is useful for development and tests, it's recommended to use Caffeine cache in production.You can switch to using Caffeine cache, by adding it and org.springframework.cache.caffeine.CaffeineCacheManager to the classpath.
2025-01-27T12:56:24.663+05:30  WARN 6440 --- [courseservice] [restartedMain] c.zaxxer.hikari.util.DriverDataSource    : Registered driver with driverClassName=com.mysql.jdbc.Driver was not found, trying direct instantiation.
2025-01-27T12:56:27.658+05:30  WARN 6440 --- [courseservice] [restartedMain] JpaBaseConfiguration$JpaWebConfiguration : spring.jpa.open-in-view is enabled by default. Therefore, database queries may be performed during view rendering. Explicitly configure spring.jpa.open-in-view to disable this warning
2025-01-27T12:56:28.255+05:30  WARN 6440 --- [courseservice] [restartedMain] o.s.b.d.a.OptionalLiveReloadServer       : Unable to start LiveReload server
2025-01-27T12:56:28.426+05:30  WARN 6440 --- [courseservice] [restartedMain] iguration$LoadBalancerCaffeineWarnLogger : Spring Cloud LoadBalancer is currently working with the default cache. While this cache implementation is useful for development and tests, it's recommended to use Caffeine cache in production.You can switch to using Caffeine cache, by adding it and org.springframework.cache.caffeine.CaffeineCacheManager to the classpath.
2025-01-27T12:56:28.869+05:30  WARN 6440 --- [courseservice] [restartedMain] c.n.d.s.t.d.RetryableEurekaHttpClient    : Request execution failed with message: I/O error on GET request for "http://localhost:8761/eureka/apps/": Connect to http://localhost:8761 [localhost/127.0.0.1, localhost/0:0:0:0:0:0:0:1] failed: Connection refused: getsockopt
2025-01-27T12:56:28.870+05:30  WARN 6440 --- [courseservice] [restartedMain] com.netflix.discovery.DiscoveryClient    : Using default backup registry implementation which does not do anything.
2025-01-27T12:56:28.972+05:30  WARN 6440 --- [courseservice] [DiscoveryClient-InstanceInfoReplicator-%d] c.n.d.s.t.d.RetryableEurekaHttpClient    : Request execution failed with message: I/O error on POST request for "http://localhost:8761/eureka/apps/COURSESERVICE": Connect to http://localhost:8761 [localhost/127.0.0.1, localhost/0:0:0:0:0:0:0:1] failed: Connection refused: getsockopt
2025-01-27T12:56:28.973+05:30  WARN 6440 --- [courseservice] [DiscoveryClient-InstanceInfoReplicator-%d] com.netflix.discovery.DiscoveryClient    : DiscoveryClient_COURSESERVICE/LAPTOP-V01JDA6U:courseservice:7001 - registration failed Cannot execute request on any known server

com.netflix.discovery.shared.transport.TransportException: Cannot execute request on any known server
	at com.netflix.discovery.shared.transport.decorator.RetryableEurekaHttpClient.execute(RetryableEurekaHttpClient.java:112) ~[eureka-client-2.0.4.jar:2.0.4]
	at com.netflix.discovery.shared.transport.decorator.EurekaHttpClientDecorator.register(EurekaHttpClientDecorator.java:56) ~[eureka-client-2.0.4.jar:2.0.4]
	at com.netflix.discovery.shared.transport.decorator.EurekaHttpClientDecorator$1.execute(EurekaHttpClientDecorator.java:59) ~[eureka-client-2.0.4.jar:2.0.4]
	at com.netflix.discovery.shared.transport.decorator.SessionedEurekaHttpClient.execute(SessionedEurekaHttpClient.java:76) ~[eureka-client-2.0.4.jar:2.0.4]
	at com.netflix.discovery.shared.transport.decorator.EurekaHttpClientDecorator.register(EurekaHttpClientDecorator.java:56) ~[eureka-client-2.0.4.jar:2.0.4]
	at com.netflix.discovery.DiscoveryClient.register(DiscoveryClient.java:828) ~[eureka-client-2.0.4.jar:2.0.4]
	at com.netflix.discovery.InstanceInfoReplicator.run(InstanceInfoReplicator.java:125) ~[eureka-client-2.0.4.jar:2.0.4]
	at com.netflix.discovery.InstanceInfoReplicator$2.run(InstanceInfoReplicator.java:105) ~[eureka-client-2.0.4.jar:2.0.4]
	at java.base/java.util.concurrent.Executors$RunnableAdapter.call(Executors.java:572) ~[na:na]
	at java.base/java.util.concurrent.FutureTask.run(FutureTask.java:317) ~[na:na]
	at java.base/java.util.concurrent.ScheduledThreadPoolExecutor$ScheduledFutureTask.run(ScheduledThreadPoolExecutor.java:304) ~[na:na]
	at java.base/java.util.concurrent.ThreadPoolExecutor.runWorker(ThreadPoolExecutor.java:1144) ~[na:na]
	at java.base/java.util.concurrent.ThreadPoolExecutor$Worker.run(ThreadPoolExecutor.java:642) ~[na:na]
	at java.base/java.lang.Thread.run(Thread.java:1583) ~[na:na]

2025-01-27T12:56:28.981+05:30  WARN 6440 --- [courseservice] [DiscoveryClient-InstanceInfoReplicator-%d] c.n.discovery.InstanceInfoReplicator     : There was a problem with the instance info replicator

com.netflix.discovery.shared.transport.TransportException: Cannot execute request on any known server
	at com.netflix.discovery.shared.transport.decorator.RetryableEurekaHttpClient.execute(RetryableEurekaHttpClient.java:112) ~[eureka-client-2.0.4.jar:2.0.4]
	at com.netflix.discovery.shared.transport.decorator.EurekaHttpClientDecorator.register(EurekaHttpClientDecorator.java:56) ~[eureka-client-2.0.4.jar:2.0.4]
	at com.netflix.discovery.shared.transport.decorator.EurekaHttpClientDecorator$1.execute(EurekaHttpClientDecorator.java:59) ~[eureka-client-2.0.4.jar:2.0.4]
	at com.netflix.discovery.shared.transport.decorator.SessionedEurekaHttpClient.execute(SessionedEurekaHttpClient.java:76) ~[eureka-client-2.0.4.jar:2.0.4]
	at com.netflix.discovery.shared.transport.decorator.EurekaHttpClientDecorator.register(EurekaHttpClientDecorator.java:56) ~[eureka-client-2.0.4.jar:2.0.4]
	at com.netflix.discovery.DiscoveryClient.register(DiscoveryClient.java:828) ~[eureka-client-2.0.4.jar:2.0.4]
	at com.netflix.discovery.InstanceInfoReplicator.run(InstanceInfoReplicator.java:125) ~[eureka-client-2.0.4.jar:2.0.4]
	at com.netflix.discovery.InstanceInfoReplicator$2.run(InstanceInfoReplicator.java:105) ~[eureka-client-2.0.4.jar:2.0.4]
	at java.base/java.util.concurrent.Executors$RunnableAdapter.call(Executors.java:572) ~[na:na]
	at java.base/java.util.concurrent.FutureTask.run(FutureTask.java:317) ~[na:na]
	at java.base/java.util.concurrent.ScheduledThreadPoolExecutor$ScheduledFutureTask.run(ScheduledThreadPoolExecutor.java:304) ~[na:na]
	at java.base/java.util.concurrent.ThreadPoolExecutor.runWorker(ThreadPoolExecutor.java:1144) ~[na:na]
	at java.base/java.util.concurrent.ThreadPoolExecutor$Worker.run(ThreadPoolExecutor.java:642) ~[na:na]
	at java.base/java.lang.Thread.run(Thread.java:1583) ~[na:na]

2025-01-27T12:58:19.703+05:30  WARN 6440 --- [courseservice] [restartedMain] c.zaxxer.hikari.util.DriverDataSource    : Registered driver with driverClassName=com.mysql.jdbc.Driver was not found, trying direct instantiation.
2025-01-27T12:58:20.214+05:30  WARN 6440 --- [courseservice] [restartedMain] JpaBaseConfiguration$JpaWebConfiguration : spring.jpa.open-in-view is enabled by default. Therefore, database queries may be performed during view rendering. Explicitly configure spring.jpa.open-in-view to disable this warning
2025-01-27T12:58:20.399+05:30  WARN 6440 --- [courseservice] [restartedMain] o.s.b.d.a.OptionalLiveReloadServer       : Unable to start LiveReload server
2025-01-27T12:58:20.454+05:30  WARN 6440 --- [courseservice] [restartedMain] iguration$LoadBalancerCaffeineWarnLogger : Spring Cloud LoadBalancer is currently working with the default cache. While this cache implementation is useful for development and tests, it's recommended to use Caffeine cache in production.You can switch to using Caffeine cache, by adding it and org.springframework.cache.caffeine.CaffeineCacheManager to the classpath.
2025-01-27T13:00:15.997+05:30  WARN 6440 --- [courseservice] [http-nio-7001-exec-6] c.m.a.controller.CourseSMEWebController  : 
1---> cc 1ic 1
2025-01-27T13:00:15.997+05:30  WARN 6440 --- [courseservice] [http-nio-7001-exec-6] c.m.a.controller.CourseSMEWebController  : 2 URL -->> http://INSTRUCTORSERVICE/lap/hr/instructor/1
2025-01-27T13:00:16.428+05:30  WARN 6440 --- [courseservice] [http-nio-7001-exec-6] c.m.a.controller.CourseSMEWebController  : 3 Instructor -->> Instructor(baseLocation=Noida, feedbacks=[]) 1 Ashish Bansal
2025-01-27T13:00:16.555+05:30  WARN 6440 --- [courseservice] [http-nio-7001-exec-6] c.m.a.controller.CourseSMEWebController  : --->> 4 all Course Course(courseCode=1, courseName=Automation Testing, description=Testing Course Campus Hires, durationInDays=25, trainers=[])
2025-01-27T13:00:16.555+05:30  WARN 6440 --- [courseservice] [http-nio-7001-exec-6] c.m.a.controller.CourseSMEWebController  : --->> 5 all Instructor []
2025-01-27T13:00:16.555+05:30  WARN 6440 --- [courseservice] [http-nio-7001-exec-6] c.m.a.controller.CourseSMEWebController  : --->> 6 Inside else - Instructor
2025-01-27T13:00:16.587+05:30  WARN 6440 --- [courseservice] [http-nio-7001-exec-6] c.m.a.controller.CourseSMEWebController  : 6 --->> Course Course(courseCode=1, courseName=Automation Testing, description=Testing Course Campus Hires, durationInDays=25, trainers=[Instructor(baseLocation=Noida, feedbacks=[])])
