2025-01-27T13:18:36.181+05:30  WARN 5640 --- [feedbackService] [restartedMain] c.zaxxer.hikari.util.DriverDataSource    : Registered driver with driverClassName=com.mysql.jdbc.Driver was not found, trying direct instantiation.
2025-01-27T13:18:36.326+05:30  WARN 5640 --- [feedbackService] [restartedMain] JpaBaseConfiguration$JpaWebConfiguration : spring.jpa.open-in-view is enabled by default. Therefore, database queries may be performed during view rendering. Explicitly configure spring.jpa.open-in-view to disable this warning
2025-01-27T13:18:36.383+05:30  WARN 5640 --- [feedbackService] [restartedMain] o.s.b.d.a.OptionalLiveReloadServer       : Unable to start LiveReload server
2025-01-27T13:18:36.417+05:30  WARN 5640 --- [feedbackService] [restartedMain] iguration$LoadBalancerCaffeineWarnLogger : Spring Cloud LoadBalancer is currently working with the default cache. While this cache implementation is useful for development and tests, it's recommended to use Caffeine cache in production.You can switch to using Caffeine cache, by adding it and org.springframework.cache.caffeine.CaffeineCacheManager to the classpath.
2025-01-27T13:20:13.558+05:30  WARN 5640 --- [feedbackService] [http-nio-7003-exec-1] c.m.a.c.FeedbackPublicController         : WARN : Raw feedback Feedback(feedbackNumber=0, ReviewerName=Babita, designation=Trainee, points=4, comment=Enjoying sessions)
2025-01-27T13:20:13.591+05:30  WARN 5640 --- [feedbackService] [http-nio-7003-exec-1] c.m.a.c.FeedbackPublicController         : WARN : Feedback Saved Feedback(feedbackNumber=2, ReviewerName=Babita, designation=Trainee, points=4, comment=Enjoying sessions)
2025-01-27T13:31:05.969+05:30  WARN 16212 --- [feedbackService] [restartedMain] c.zaxxer.hikari.util.DriverDataSource    : Registered driver with driverClassName=com.mysql.jdbc.Driver was not found, trying direct instantiation.
2025-01-27T13:31:07.482+05:30  WARN 16212 --- [feedbackService] [restartedMain] JpaBaseConfiguration$JpaWebConfiguration : spring.jpa.open-in-view is enabled by default. Therefore, database queries may be performed during view rendering. Explicitly configure spring.jpa.open-in-view to disable this warning
2025-01-27T13:31:07.893+05:30  WARN 16212 --- [feedbackService] [restartedMain] o.s.b.d.a.OptionalLiveReloadServer       : Unable to start LiveReload server
2025-01-27T13:31:08.023+05:30  WARN 16212 --- [feedbackService] [restartedMain] iguration$LoadBalancerCaffeineWarnLogger : Spring Cloud LoadBalancer is currently working with the default cache. While this cache implementation is useful for development and tests, it's recommended to use Caffeine cache in production.You can switch to using Caffeine cache, by adding it and org.springframework.cache.caffeine.CaffeineCacheManager to the classpath.
2025-01-27T13:32:41.343+05:30  WARN 32932 --- [feedbackService] [restartedMain] c.zaxxer.hikari.util.DriverDataSource    : Registered driver with driverClassName=com.mysql.jdbc.Driver was not found, trying direct instantiation.
2025-01-27T13:32:42.862+05:30  WARN 32932 --- [feedbackService] [restartedMain] JpaBaseConfiguration$JpaWebConfiguration : spring.jpa.open-in-view is enabled by default. Therefore, database queries may be performed during view rendering. Explicitly configure spring.jpa.open-in-view to disable this warning
2025-01-27T13:32:43.666+05:30  WARN 32932 --- [feedbackService] [restartedMain] iguration$LoadBalancerCaffeineWarnLogger : Spring Cloud LoadBalancer is currently working with the default cache. While this cache implementation is useful for development and tests, it's recommended to use Caffeine cache in production.You can switch to using Caffeine cache, by adding it and org.springframework.cache.caffeine.CaffeineCacheManager to the classpath.
2025-01-27T13:34:04.293+05:30  WARN 32932 --- [feedbackService] [http-nio-7003-exec-3] c.m.a.c.FeedbackPublicController         : WARN : Raw feedback Feedback(feedbackNumber=0, ReviewerName=Suresh, designation=Trainee, points=3, comment=need more examples)
2025-01-27T13:34:04.437+05:30  WARN 32932 --- [feedbackService] [http-nio-7003-exec-3] c.m.a.c.FeedbackPublicController         : WARN : Feedback Saved Feedback(feedbackNumber=52, ReviewerName=Suresh, designation=Trainee, points=3, comment=need more examples)
2025-01-27T13:34:27.049+05:30  WARN 32932 --- [feedbackService] [http-nio-7003-exec-2] c.m.a.c.FeedbackPublicController         : WARN : Raw feedback Feedback(feedbackNumber=0, ReviewerName=Mahesh, designation=Trainee, points=4, comment=good learning)
2025-01-27T13:34:27.065+05:30  WARN 32932 --- [feedbackService] [http-nio-7003-exec-2] c.m.a.c.FeedbackPublicController         : WARN : Feedback Saved Feedback(feedbackNumber=53, ReviewerName=Mahesh, designation=Trainee, points=4, comment=good learning)
2025-01-27T13:37:29.424+05:30  WARN 32932 --- [feedbackService] [restartedMain] c.zaxxer.hikari.util.DriverDataSource    : Registered driver with driverClassName=com.mysql.jdbc.Driver was not found, trying direct instantiation.
2025-01-27T13:37:29.483+05:30  WARN 32932 --- [feedbackService] [restartedMain] JpaBaseConfiguration$JpaWebConfiguration : spring.jpa.open-in-view is enabled by default. Therefore, database queries may be performed during view rendering. Explicitly configure spring.jpa.open-in-view to disable this warning
2025-01-27T13:37:29.694+05:30  WARN 32932 --- [feedbackService] [restartedMain] iguration$LoadBalancerCaffeineWarnLogger : Spring Cloud LoadBalancer is currently working with the default cache. While this cache implementation is useful for development and tests, it's recommended to use Caffeine cache in production.You can switch to using Caffeine cache, by adding it and org.springframework.cache.caffeine.CaffeineCacheManager to the classpath.
2025-01-27T13:37:34.458+05:30  WARN 32932 --- [feedbackService] [restartedMain] c.zaxxer.hikari.util.DriverDataSource    : Registered driver with driverClassName=com.mysql.jdbc.Driver was not found, trying direct instantiation.
2025-01-27T13:37:34.495+05:30  WARN 32932 --- [feedbackService] [restartedMain] JpaBaseConfiguration$JpaWebConfiguration : spring.jpa.open-in-view is enabled by default. Therefore, database queries may be performed during view rendering. Explicitly configure spring.jpa.open-in-view to disable this warning
2025-01-27T13:37:34.607+05:30  WARN 32932 --- [feedbackService] [restartedMain] iguration$LoadBalancerCaffeineWarnLogger : Spring Cloud LoadBalancer is currently working with the default cache. While this cache implementation is useful for development and tests, it's recommended to use Caffeine cache in production.You can switch to using Caffeine cache, by adding it and org.springframework.cache.caffeine.CaffeineCacheManager to the classpath.
